# JRE version: Java(TM) SE Runtime Environment (8.0_202-b08) (build 1.8.0_202-b08)
# Java VM: Java HotSpot(TM) 64-Bit Server VM (25.202-b08 mixed mode windows-amd64 compressed oops)
Heap:
 PSYoungGen      total 38400K, used 11988K [0x00000000d5580000, 0x00000000d8a00000, 0x0000000100000000)
  eden space 33280K, 20% used [0x00000000d5580000,0x00000000d5c391d8,0x00000000d7600000)
  from space 5120K, 99% used [0x00000000d7b00000,0x00000000d7ffc078,0x00000000d8000000)
  to   space 5120K, 0% used [0x00000000d7600000,0x00000000d7600000,0x00000000d7b00000)
 ParOldGen       total 57856K, used 3733K [0x0000000080000000, 0x0000000083880000, 0x00000000d5580000)
  object space 57856K, 6% used [0x0000000080000000,0x00000000803a55d8,0x0000000083880000)
 Metaspace       used 17112K, capacity 17600K, committed 17792K, reserved 1067008K
  class space    used 1980K, capacity 2118K, committed 2176K, reserved 1048576K
GC Heap History (6 events):
Event: 0.416 GC heap before
{Heap before GC invocations=1 (full 0):
 PSYoungGen      total 38400K, used 9403K [0x00000000d5580000, 0x00000000d8000000, 0x0000000100000000)
  eden space 33280K, 28% used [0x00000000d5580000,0x00000000d5eaeef0,0x00000000d7600000)
  from space 5120K, 0% used [0x00000000d7b00000,0x00000000d7b00000,0x00000000d8000000)
  to   space 5120K, 0% used [0x00000000d7600000,0x00000000d7600000,0x00000000d7b00000)
 ParOldGen       total 87552K, used 0K [0x0000000080000000, 0x0000000085580000, 0x00000000d5580000)
  object space 87552K, 0% used [0x0000000080000000,0x0000000080000000,0x0000000085580000)
 Metaspace       used 6142K, capacity 6612K, committed 6656K, reserved 1060864K
  class space    used 678K, capacity 763K, committed 768K, reserved 1048576K
Event: 0.421 GC heap after
Heap after GC invocations=1 (full 0):
 PSYoungGen      total 38400K, used 1726K [0x00000000d5580000, 0x00000000d8000000, 0x0000000100000000)
  eden space 33280K, 0% used [0x00000000d5580000,0x00000000d5580000,0x00000000d7600000)
  from space 5120K, 33% used [0x00000000d7600000,0x00000000d77af800,0x00000000d7b00000)
  to   space 5120K, 0% used [0x00000000d7b00000,0x00000000d7b00000,0x00000000d8000000)
 ParOldGen       total 87552K, used 8K [0x0000000080000000, 0x0000000085580000, 0x00000000d5580000)
  object space 87552K, 0% used [0x0000000080000000,0x0000000080002000,0x0000000085580000)
 Metaspace       used 6142K, capacity 6612K, committed 6656K, reserved 1060864K
  class space    used 678K, capacity 763K, committed 768K, reserved 1048576K
}
Event: 0.421 GC heap before
{Heap before GC invocations=2 (full 1):
 PSYoungGen      total 38400K, used 1726K [0x00000000d5580000, 0x00000000d8000000, 0x0000000100000000)
  eden space 33280K, 0% used [0x00000000d5580000,0x00000000d5580000,0x00000000d7600000)
  from space 5120K, 33% used [0x00000000d7600000,0x00000000d77af800,0x00000000d7b00000)
  to   space 5120K, 0% used [0x00000000d7b00000,0x00000000d7b00000,0x00000000d8000000)
 ParOldGen       total 87552K, used 8K [0x0000000080000000, 0x0000000085580000, 0x00000000d5580000)
  object space 87552K, 0% used [0x0000000080000000,0x0000000080002000,0x0000000085580000)
 Metaspace       used 6142K, capacity 6612K, committed 6656K, reserved 1060864K
  class space    used 678K, capacity 763K, committed 768K, reserved 1048576K
Event: 0.430 GC heap after
Heap after GC invocations=2 (full 1):
 PSYoungGen      total 38400K, used 0K [0x00000000d5580000, 0x00000000d8000000, 0x0000000100000000)
  eden space 33280K, 0% used [0x00000000d5580000,0x00000000d5580000,0x00000000d7600000)
  from space 5120K, 0% used [0x00000000d7600000,0x00000000d7600000,0x00000000d7b00000)
  to   space 5120K, 0% used [0x00000000d7b00000,0x00000000d7b00000,0x00000000d8000000)
 ParOldGen       total 57856K, used 1651K [0x0000000080000000, 0x0000000083880000, 0x00000000d5580000)
  object space 57856K, 2% used [0x0000000080000000,0x000000008019cce0,0x0000000083880000)
 Metaspace       used 6142K, capacity 6612K, committed 6656K, reserved 1058816K
  class space    used 678K, capacity 763K, committed 768K, reserved 1048576K
}
Event: 1.341 GC heap before
{Heap before GC invocations=3 (full 1):
 PSYoungGen      total 38400K, used 33280K [0x00000000d5580000, 0x00000000d8000000, 0x0000000100000000)
  eden space 33280K, 100% used [0x00000000d5580000,0x00000000d7600000,0x00000000d7600000)
  from space 5120K, 0% used [0x00000000d7600000,0x00000000d7600000,0x00000000d7b00000)
  to   space 5120K, 0% used [0x00000000d7b00000,0x00000000d7b00000,0x00000000d8000000)
 ParOldGen       total 57856K, used 1651K [0x0000000080000000, 0x0000000083880000, 0x00000000d5580000)
  object space 57856K, 2% used [0x0000000080000000,0x000000008019cce0,0x0000000083880000)
 Metaspace       used 15191K, capacity 15634K, committed 16000K, reserved 1064960K
  class space    used 1693K, capacity 1837K, committed 1920K, reserved 1048576K
Event: 1.349 GC heap after
Heap after GC invocations=3 (full 1):
 PSYoungGen      total 38400K, used 5104K [0x00000000d5580000, 0x00000000d8a00000, 0x0000000100000000)
  eden space 33280K, 0% used [0x00000000d5580000,0x00000000d5580000,0x00000000d7600000)
  from space 5120K, 99% used [0x00000000d7b00000,0x00000000d7ffc078,0x00000000d8000000)
  to   space 5120K, 0% used [0x00000000d7600000,0x00000000d7600000,0x00000000d7b00000)
 ParOldGen       total 57856K, used 3733K [0x0000000080000000, 0x0000000083880000, 0x00000000d5580000)
  object space 57856K, 6% used [0x0000000080000000,0x00000000803a55d8,0x0000000083880000)
 Metaspace       used 15191K, capacity 15634K, committed 16000K, reserved 1064960K
  class space    used 1693K, capacity 1837K, committed 1920K, reserved 1048576K
}

