# JRE version: Java(TM) SE Runtime Environment (8.0_202-b08) (build 1.8.0_202-b08)
# Java VM: Java HotSpot(TM) 64-Bit Server VM (25.202-b08 mixed mode windows-amd64 compressed oops)
Heap:
 PSYoungGen      total 38400K, used 662K [0x00000000d5580000, 0x00000000d8000000, 0x0000000100000000)
  eden space 33280K, 1% used [0x00000000d5580000,0x00000000d56259a8,0x00000000d7600000)
  from space 5120K, 0% used [0x00000000d7600000,0x00000000d7600000,0x00000000d7b00000)
  to   space 5120K, 0% used [0x00000000d7b00000,0x00000000d7b00000,0x00000000d8000000)
 ParOldGen       total 61952K, used 5746K [0x0000000080000000, 0x0000000083c80000, 0x00000000d5580000)
  object space 61952K, 9% used [0x0000000080000000,0x000000008059c828,0x0000000083c80000)
 Metaspace       used 19983K, capacity 20614K, committed 20992K, reserved 1073152K
  class space    used 2546K, capacity 2725K, committed 2816K, reserved 1048576K
GC Heap History (10 events):
Event: 1.871 GC heap before
{Heap before GC invocations=5 (full 2):
 PSYoungGen      total 38400K, used 5118K [0x00000000d5580000, 0x00000000d8000000, 0x0000000100000000)
  eden space 33280K, 0% used [0x00000000d5580000,0x00000000d5580000,0x00000000d7600000)
  from space 5120K, 99% used [0x00000000d7600000,0x00000000d7aff880,0x00000000d7b00000)
  to   space 5120K, 0% used [0x00000000d7b00000,0x00000000d7b00000,0x00000000d8000000)
 ParOldGen       total 61952K, used 4243K [0x0000000080000000, 0x0000000083c80000, 0x00000000d5580000)
  object space 61952K, 6% used [0x0000000080000000,0x0000000080424c40,0x0000000083c80000)
 Metaspace       used 19585K, capacity 20188K, committed 20352K, reserved 1073152K
  class space    used 2414K, capacity 2576K, committed 2688K, reserved 1048576K
Event: 1.904 GC heap after
Heap after GC invocations=5 (full 2):
 PSYoungGen      total 38400K, used 0K [0x00000000d5580000, 0x00000000d8000000, 0x0000000100000000)
  eden space 33280K, 0% used [0x00000000d5580000,0x00000000d5580000,0x00000000d7600000)
  from space 5120K, 0% used [0x00000000d7600000,0x00000000d7600000,0x00000000d7b00000)
  to   space 5120K, 0% used [0x00000000d7b00000,0x00000000d7b00000,0x00000000d8000000)
 ParOldGen       total 61952K, used 6915K [0x0000000080000000, 0x0000000083c80000, 0x00000000d5580000)
  object space 61952K, 11% used [0x0000000080000000,0x00000000806c0da8,0x0000000083c80000)
 Metaspace       used 19585K, capacity 20188K, committed 20352K, reserved 1071104K
  class space    used 2414K, capacity 2576K, committed 2688K, reserved 1048576K
}
Event: 1.905 GC heap before
{Heap before GC invocations=6 (full 2):
 PSYoungGen      total 38400K, used 0K [0x00000000d5580000, 0x00000000d8000000, 0x0000000100000000)
  eden space 33280K, 0% used [0x00000000d5580000,0x00000000d5580000,0x00000000d7600000)
  from space 5120K, 0% used [0x00000000d7600000,0x00000000d7600000,0x00000000d7b00000)
  to   space 5120K, 0% used [0x00000000d7b00000,0x00000000d7b00000,0x00000000d8000000)
 ParOldGen       total 61952K, used 6915K [0x0000000080000000, 0x0000000083c80000, 0x00000000d5580000)
  object space 61952K, 11% used [0x0000000080000000,0x00000000806c0da8,0x0000000083c80000)
 Metaspace       used 19585K, capacity 20188K, committed 20352K, reserved 1075200K
  class space    used 2414K, capacity 2576K, committed 2688K, reserved 1048576K
Event: 1.906 GC heap after
Heap after GC invocations=6 (full 2):
 PSYoungGen      total 38400K, used 0K [0x00000000d5580000, 0x00000000d8000000, 0x0000000100000000)
  eden space 33280K, 0% used [0x00000000d5580000,0x00000000d5580000,0x00000000d7600000)
  from space 5120K, 0% used [0x00000000d7b00000,0x00000000d7b00000,0x00000000d8000000)
  to   space 5120K, 0% used [0x00000000d7600000,0x00000000d7600000,0x00000000d7b00000)
 ParOldGen       total 61952K, used 6915K [0x0000000080000000, 0x0000000083c80000, 0x00000000d5580000)
  object space 61952K, 11% used [0x0000000080000000,0x00000000806c0da8,0x0000000083c80000)
 Metaspace       used 19585K, capacity 20188K, committed 20352K, reserved 1075200K
  class space    used 2414K, capacity 2576K, committed 2688K, reserved 1048576K
}
Event: 1.906 GC heap before
{Heap before GC invocations=7 (full 3):
 PSYoungGen      total 38400K, used 0K [0x00000000d5580000, 0x00000000d8000000, 0x0000000100000000)
  eden space 33280K, 0% used [0x00000000d5580000,0x00000000d5580000,0x00000000d7600000)
  from space 5120K, 0% used [0x00000000d7b00000,0x00000000d7b00000,0x00000000d8000000)
  to   space 5120K, 0% used [0x00000000d7600000,0x00000000d7600000,0x00000000d7b00000)
 ParOldGen       total 61952K, used 6915K [0x0000000080000000, 0x0000000083c80000, 0x00000000d5580000)
  object space 61952K, 11% used [0x0000000080000000,0x00000000806c0da8,0x0000000083c80000)
 Metaspace       used 19585K, capacity 20188K, committed 20352K, reserved 1075200K
  class space    used 2414K, capacity 2576K, committed 2688K, reserved 1048576K
Event: 1.951 GC heap after
Heap after GC invocations=7 (full 3):
 PSYoungGen      total 38400K, used 0K [0x00000000d5580000, 0x00000000d8000000, 0x0000000100000000)
  eden space 33280K, 0% used [0x00000000d5580000,0x00000000d5580000,0x00000000d7600000)
  from space 5120K, 0% used [0x00000000d7b00000,0x00000000d7b00000,0x00000000d8000000)
  to   space 5120K, 0% used [0x00000000d7600000,0x00000000d7600000,0x00000000d7b00000)
 ParOldGen       total 61952K, used 6035K [0x0000000080000000, 0x0000000083c80000, 0x00000000d5580000)
  object space 61952K, 9% used [0x0000000080000000,0x00000000805e4cf0,0x0000000083c80000)
 Metaspace       used 19545K, capacity 20124K, committed 20352K, reserved 1071104K
  class space    used 2406K, capacity 2562K, committed 2688K, reserved 1048576K
}
Event: 1.968 GC heap before
{Heap before GC invocations=8 (full 3):
 PSYoungGen      total 38400K, used 1990K [0x00000000d5580000, 0x00000000d8000000, 0x0000000100000000)
  eden space 33280K, 5% used [0x00000000d5580000,0x00000000d5771988,0x00000000d7600000)
  from space 5120K, 0% used [0x00000000d7b00000,0x00000000d7b00000,0x00000000d8000000)
  to   space 5120K, 0% used [0x00000000d7600000,0x00000000d7600000,0x00000000d7b00000)
 ParOldGen       total 61952K, used 6035K [0x0000000080000000, 0x0000000083c80000, 0x00000000d5580000)
  object space 61952K, 9% used [0x0000000080000000,0x00000000805e4cf0,0x0000000083c80000)
 Metaspace       used 19919K, capacity 20518K, committed 20736K, reserved 1075200K
  class space    used 2520K, capacity 2693K, committed 2816K, reserved 1048576K
Event: 1.970 GC heap after
Heap after GC invocations=8 (full 3):
 PSYoungGen      total 38400K, used 96K [0x00000000d5580000, 0x00000000d8000000, 0x0000000100000000)
  eden space 33280K, 0% used [0x00000000d5580000,0x00000000d5580000,0x00000000d7600000)
  from space 5120K, 1% used [0x00000000d7600000,0x00000000d7618000,0x00000000d7b00000)
  to   space 5120K, 0% used [0x00000000d7b00000,0x00000000d7b00000,0x00000000d8000000)
 ParOldGen       total 61952K, used 6035K [0x0000000080000000, 0x0000000083c80000, 0x00000000d5580000)
  object space 61952K, 9% used [0x0000000080000000,0x00000000805e4cf0,0x0000000083c80000)
 Metaspace       used 19919K, capacity 20518K, committed 20736K, reserved 1075200K
  class space    used 2520K, capacity 2693K, committed 2816K, reserved 1048576K
}
Event: 1.970 GC heap before
{Heap before GC invocations=9 (full 4):
 PSYoungGen      total 38400K, used 96K [0x00000000d5580000, 0x00000000d8000000, 0x0000000100000000)
  eden space 33280K, 0% used [0x00000000d5580000,0x00000000d5580000,0x00000000d7600000)
  from space 5120K, 1% used [0x00000000d7600000,0x00000000d7618000,0x00000000d7b00000)
  to   space 5120K, 0% used [0x00000000d7b00000,0x00000000d7b00000,0x00000000d8000000)
 ParOldGen       total 61952K, used 6035K [0x0000000080000000, 0x0000000083c80000, 0x00000000d5580000)
  object space 61952K, 9% used [0x0000000080000000,0x00000000805e4cf0,0x0000000083c80000)
 Metaspace       used 19919K, capacity 20518K, committed 20736K, reserved 1075200K
  class space    used 2520K, capacity 2693K, committed 2816K, reserved 1048576K
Event: 2.000 GC heap after
Heap after GC invocations=9 (full 4):
 PSYoungGen      total 38400K, used 0K [0x00000000d5580000, 0x00000000d8000000, 0x0000000100000000)
  eden space 33280K, 0% used [0x00000000d5580000,0x00000000d5580000,0x00000000d7600000)
  from space 5120K, 0% used [0x00000000d7600000,0x00000000d7600000,0x00000000d7b00000)
  to   space 5120K, 0% used [0x00000000d7b00000,0x00000000d7b00000,0x00000000d8000000)
 ParOldGen       total 61952K, used 5746K [0x0000000080000000, 0x0000000083c80000, 0x00000000d5580000)
  object space 61952K, 9% used [0x0000000080000000,0x000000008059c828,0x0000000083c80000)
 Metaspace       used 19919K, capacity 20518K, committed 20736K, reserved 1073152K
  class space    used 2520K, capacity 2693K, committed 2816K, reserved 1048576K
}

